2020-07-08 20:18:00,801 - root - DEBUG - total reward - 0.0, time - 2.4443061351776123
2020-07-08 20:24:48,287 - root - DEBUG - total reward - 80.0, time - 2.396648406982422
2020-07-08 20:26:26,619 - root - DEBUG - Reenqueuing unfinished jobs (4002).
2020-07-08 20:27:22,867 - root - DEBUG - total reward - 40.0, time - 2.211954116821289
2020-07-08 20:36:31,849 - root - DEBUG - Reenqueuing unfinished jobs (3058).
2020-07-08 20:37:12,630 - root - DEBUG - total reward - 0.0, time - 1.8780176639556885
2020-07-08 20:42:02,640 - root - DEBUG - total reward - 160.0, time - 8.080682516098022
2020-07-08 20:46:35,351 - root - DEBUG - Reenqueuing unfinished jobs (2112).
2020-07-08 20:48:16,621 - root - DEBUG - total reward - 180.0, time - 3.5474274158477783
2020-07-08 20:55:02,433 - root - DEBUG - total reward - 0.0, time - 40.813722133636475
2020-07-08 20:56:38,247 - root - DEBUG - Reenqueuing unfinished jobs (1149).
2020-07-08 20:58:22,396 - root - DEBUG - total reward - 30.0, time - 15.14485502243042
2020-07-08 21:01:09,372 - root - DEBUG - total reward - 0.0, time - 3.7363076210021973
2020-07-08 21:05:13,648 - root - DEBUG - total reward - 160.0, time - 7.758753538131714
2020-07-08 21:06:40,413 - root - DEBUG - Reenqueuing unfinished jobs (131).
2020-07-08 21:08:29,401 - root - DEBUG - Done with generation!
Median: 0.0, average: 37.15, max: 1040.0, frames: 40,815,604
2020-07-08 21:10:14,942 - root - DEBUG - total reward - 240.0, time - 5.395550966262817
2020-07-08 21:18:33,402 - root - DEBUG - Reenqueuing unfinished jobs (2515).
2020-07-08 21:24:16,401 - root - DEBUG - total reward - 160.0, time - 8.935591697692871
2020-07-08 21:27:06,805 - root - DEBUG - total reward - 170.0, time - 5.770108461380005
2020-07-08 21:28:36,887 - root - DEBUG - Reenqueuing unfinished jobs (74).
2020-07-08 21:29:12,777 - root - DEBUG - Done with generation!
Median: 160.0, average: 160.71985602879425, max: 2320.0, frames: 53,488,856
2020-07-08 21:36:00,651 - root - DEBUG - total reward - 140.0, time - 4.816702365875244
2020-07-08 21:36:47,531 - root - DEBUG - total reward - 40.0, time - 4.22092342376709
2020-07-08 21:39:17,433 - root - DEBUG - Reenqueuing unfinished jobs (2623).
2020-07-08 21:44:23,985 - root - DEBUG - total reward - 100.0, time - 3.1376278400421143
2020-07-08 21:48:42,848 - root - DEBUG - total reward - 50.0, time - 3.304790735244751
2020-07-08 21:48:47,361 - root - DEBUG - total reward - 1270.0, time - 6.326892375946045
2020-07-08 21:49:00,809 - root - DEBUG - total reward - 150.0, time - 4.3150794506073
2020-07-08 21:49:20,580 - root - DEBUG - Reenqueuing unfinished jobs (293).
2020-07-08 21:50:54,135 - root - DEBUG - Done with generation!
Median: 130.0, average: 212.0515896820636, max: 3430.0, frames: 66,980,056
2020-07-08 22:00:38,723 - root - DEBUG - total reward - 60.0, time - 2.979039430618286
2020-07-08 22:00:59,214 - root - DEBUG - Reenqueuing unfinished jobs (2811).
2020-07-08 22:11:03,672 - root - DEBUG - Reenqueuing unfinished jobs (632).
2020-07-08 22:14:19,123 - root - DEBUG - Done with generation!
Median: 160.0, average: 299.73205358928215, max: 3870.0, frames: 82,043,940
2020-07-08 22:20:25,500 - root - DEBUG - total reward - 180.0, time - 4.2111451625823975
2020-07-08 22:24:23,802 - root - DEBUG - Reenqueuing unfinished jobs (2818).
2020-07-08 22:31:41,268 - root - DEBUG - total reward - 160.0, time - 4.7766032218933105
2020-07-08 22:34:28,036 - root - DEBUG - Reenqueuing unfinished jobs (665).
2020-07-08 22:35:38,963 - root - DEBUG - total reward - 1110.0, time - 7.301465749740601
2020-07-08 22:37:29,238 - root - DEBUG - total reward - 210.0, time - 4.30323052406311
2020-07-08 22:37:52,620 - root - DEBUG - Done with generation!
Median: 170.0, average: 326.06878624275146, max: 3620.0, frames: 97,233,400
2020-07-08 22:39:57,163 - root - DEBUG - total reward - 170.0, time - 5.309508323669434
2020-07-08 22:47:57,811 - root - DEBUG - Reenqueuing unfinished jobs (2722).
2020-07-08 22:52:14,287 - root - DEBUG - total reward - 170.0, time - 3.793440580368042
2020-07-08 22:58:01,575 - root - DEBUG - Reenqueuing unfinished jobs (561).
2020-07-08 23:00:59,149 - root - DEBUG - Done with generation!
Median: 160.0, average: 333.66126774645073, max: 3620.0, frames: 111,922,544
2020-07-08 23:01:21,252 - root - DEBUG - total reward - 100.0, time - 6.004156112670898
2020-07-08 23:05:00,146 - root - DEBUG - total reward - 940.0, time - 6.75612473487854
2020-07-08 23:05:17,196 - root - DEBUG - total reward - 60.0, time - 8.425254344940186
2020-07-08 23:10:12,607 - root - DEBUG - total reward - 100.0, time - 3.1442391872406006
2020-07-08 23:11:02,970 - root - DEBUG - Reenqueuing unfinished jobs (2775).
2020-07-08 23:12:34,607 - root - DEBUG - total reward - 50.0, time - 7.250210285186768
2020-07-08 23:13:08,891 - root - DEBUG - total reward - 160.0, time - 4.614830017089844
2020-07-08 23:17:28,707 - root - DEBUG - total reward - 180.0, time - 4.616373777389526
2020-07-08 23:21:07,552 - root - DEBUG - Reenqueuing unfinished jobs (512).
2020-07-08 23:23:54,977 - root - DEBUG - Done with generation!
Median: 170.0, average: 345.0469906018796, max: 3600.0, frames: 126,510,080
2020-07-08 23:25:57,037 - root - DEBUG - total reward - 200.0, time - 4.657382488250732
2020-07-08 23:28:11,442 - root - DEBUG - total reward - 850.0, time - 7.373999357223511
2020-07-08 23:28:56,399 - root - DEBUG - total reward - 140.0, time - 3.443922281265259
2020-07-08 23:29:27,316 - root - DEBUG - total reward - 1420.0, time - 7.205431938171387
2020-07-08 23:34:00,225 - root - DEBUG - Reenqueuing unfinished jobs (2796).
2020-07-08 23:36:39,470 - root - DEBUG - total reward - 170.0, time - 4.036441326141357
2020-07-08 23:44:04,119 - root - DEBUG - Reenqueuing unfinished jobs (575).
2020-07-08 23:46:15,187 - root - DEBUG - total reward - 1170.0, time - 6.813565492630005
2020-07-08 23:47:05,288 - root - DEBUG - Done with generation!
Median: 180.0, average: 404.92901419716054, max: 3860.0, frames: 141,039,856
2020-07-08 23:54:56,064 - root - DEBUG - total reward - 180.0, time - 4.072609186172485
2020-07-08 23:55:04,645 - root - DEBUG - total reward - 40.0, time - 44.4064416885376
2020-07-08 23:56:07,101 - root - DEBUG - total reward - 1440.0, time - 8.381975412368774
2020-07-08 23:56:52,617 - root - DEBUG - total reward - 190.0, time - 4.058772087097168
2020-07-08 23:57:09,200 - root - DEBUG - Reenqueuing unfinished jobs (2647).
2020-07-08 23:57:51,216 - root - DEBUG - total reward - 700.0, time - 15.728383302688599
2020-07-08 23:58:05,158 - root - DEBUG - total reward - 170.0, time - 3.437042474746704
2020-07-09 00:01:34,559 - root - DEBUG - total reward - 40.0, time - 2.560106039047241
2020-07-09 00:02:34,143 - root - DEBUG - total reward - 220.0, time - 8.414597511291504
2020-07-09 00:07:13,169 - root - DEBUG - Reenqueuing unfinished jobs (310).
2020-07-09 00:09:01,239 - root - DEBUG - Done with generation!
Median: 170.0, average: 357.1785642871426, max: 3620.0, frames: 154,104,964
2020-07-09 00:11:14,353 - root - DEBUG - total reward - 240.0, time - 6.235897064208984
2020-07-09 00:11:18,462 - root - DEBUG - total reward - 100.0, time - 3.7570443153381348
2020-07-09 00:19:06,266 - root - DEBUG - Reenqueuing unfinished jobs (2779).
2020-07-09 00:20:21,390 - root - DEBUG - total reward - 110.0, time - 4.045271158218384
2020-07-09 00:20:22,868 - root - DEBUG - total reward - 180.0, time - 4.81223201751709
2020-07-09 00:21:45,774 - root - DEBUG - total reward - 110.0, time - 6.165745735168457
2020-07-09 00:21:59,347 - root - DEBUG - total reward - 170.0, time - 5.716158151626587
2020-07-09 00:24:51,535 - root - DEBUG - total reward - 210.0, time - 6.092790842056274
2020-07-09 00:29:10,545 - root - DEBUG - Reenqueuing unfinished jobs (597).
2020-07-09 00:32:00,433 - root - DEBUG - total reward - 210.0, time - 3.0820837020874023
2020-07-09 00:32:34,848 - root - DEBUG - Done with generation!
Median: 170.0, average: 359.05818836232754, max: 3880.0, frames: 167,433,304
2020-07-09 00:33:32,715 - root - DEBUG - total reward - 90.0, time - 4.799485683441162
2020-07-09 00:42:39,418 - root - DEBUG - Reenqueuing unfinished jobs (2948).
2020-07-09 00:46:48,372 - root - DEBUG - total reward - 60.0, time - 14.35539436340332
2020-07-09 00:49:32,650 - root - DEBUG - total reward - 1320.0, time - 7.8918092250823975
2020-07-09 00:52:43,641 - root - DEBUG - Reenqueuing unfinished jobs (926).
2020-07-09 00:54:32,345 - root - DEBUG - total reward - 180.0, time - 3.888620376586914
2020-07-09 00:54:56,140 - root - DEBUG - total reward - 130.0, time - 4.844562768936157
2020-07-09 00:55:16,328 - root - DEBUG - total reward - 50.0, time - 4.389564037322998
2020-07-09 00:55:28,304 - root - DEBUG - total reward - 980.0, time - 8.570569038391113
2020-07-09 00:57:30,191 - root - DEBUG - Done with generation!
Median: 160.0, average: 350.9498100379924, max: 3760.0, frames: 182,084,876
2020-07-09 00:59:47,626 - root - DEBUG - total reward - 2190.0, time - 7.8499979972839355
2020-07-09 01:05:16,300 - root - DEBUG - total reward - 160.0, time - 3.997136354446411
2020-07-09 01:06:30,238 - root - DEBUG - total reward - 1520.0, time - 7.557786703109741
2020-07-09 01:07:34,304 - root - DEBUG - Reenqueuing unfinished jobs (3211).
2020-07-09 01:10:35,023 - root - DEBUG - total reward - 200.0, time - 4.171205282211304
2020-07-09 01:10:59,407 - root - DEBUG - total reward - 200.0, time - 6.006044149398804
2020-07-09 01:17:38,835 - root - DEBUG - Reenqueuing unfinished jobs (1384).
2020-07-09 01:23:52,324 - root - DEBUG - total reward - 1100.0, time - 6.146221876144409
2020-07-09 01:25:32,923 - root - DEBUG - Done with generation!
Median: 170.0, average: 382.51949610077986, max: 3600.0, frames: 199,588,340
2020-07-09 01:35:38,030 - root - DEBUG - Reenqueuing unfinished jobs (3302).
2020-07-09 01:39:19,118 - root - DEBUG - total reward - 220.0, time - 4.489152908325195
2020-07-09 01:44:07,152 - root - DEBUG - total reward - 100.0, time - 42.5748610496521
2020-07-09 01:45:42,047 - root - DEBUG - Reenqueuing unfinished jobs (1707).
2020-07-09 01:54:08,044 - root - DEBUG - total reward - 160.0, time - 6.084184646606445
2020-07-09 01:55:44,818 - root - DEBUG - Reenqueuing unfinished jobs (32).
2020-07-09 01:56:32,532 - root - DEBUG - Done with generation!
Median: 170.0, average: 482.40951809638074, max: 3970.0, frames: 219,380,160
2020-07-09 02:00:15,693 - root - DEBUG - total reward - 80.0, time - 2.959794044494629
2020-07-09 02:06:37,847 - root - DEBUG - Reenqueuing unfinished jobs (3162).
2020-07-09 02:13:36,038 - root - DEBUG - total reward - 170.0, time - 8.164988040924072
2020-07-09 02:16:41,708 - root - DEBUG - Reenqueuing unfinished jobs (1406).
2020-07-09 02:21:18,538 - root - DEBUG - total reward - 80.0, time - 3.8361659049987793
2020-07-09 02:24:55,001 - root - DEBUG - Done with generation!
Median: 180.0, average: 494.39512097580484, max: 3860.0, frames: 237,613,048
2020-07-09 02:35:00,475 - root - DEBUG - Reenqueuing unfinished jobs (3029).
2020-07-09 02:40:12,888 - root - DEBUG - total reward - 170.0, time - 4.492563962936401
2020-07-09 02:42:28,911 - root - DEBUG - total reward - 1450.0, time - 6.206416368484497
2020-07-09 02:45:05,232 - root - DEBUG - Reenqueuing unfinished jobs (1137).
2020-07-09 02:46:20,945 - root - DEBUG - total reward - 1860.0, time - 9.045562744140625
2020-07-09 02:51:26,797 - root - DEBUG - Done with generation!
Median: 180.0, average: 476.2147570485903, max: 3810.0, frames: 254,367,480
2020-07-09 02:57:19,939 - root - DEBUG - total reward - 80.0, time - 43.17064046859741
2020-07-09 03:01:32,022 - root - DEBUG - Reenqueuing unfinished jobs (3005).
2020-07-09 03:02:48,761 - root - DEBUG - total reward - 170.0, time - 4.023711919784546
2020-07-09 03:11:36,209 - root - DEBUG - Reenqueuing unfinished jobs (1086).
2020-07-09 03:12:09,660 - root - DEBUG - total reward - 210.0, time - 4.396220445632935
2020-07-09 03:14:23,948 - root - DEBUG - total reward - 2890.0, time - 9.248119831085205
2020-07-09 03:16:11,028 - root - DEBUG - total reward - 0.0, time - 2.1472179889678955
2020-07-09 03:17:34,966 - root - DEBUG - Done with generation!
Median: 180.0, average: 481.05778844231156, max: 4310.0, frames: 271,188,012
2020-07-09 03:20:27,012 - root - DEBUG - total reward - 230.0, time - 5.673091173171997
2020-07-09 03:22:40,749 - root - DEBUG - total reward - 60.0, time - 10.270369291305542
2020-07-09 03:24:27,169 - root - DEBUG - total reward - 960.0, time - 6.936684608459473
2020-07-09 03:24:32,538 - root - DEBUG - total reward - 1990.0, time - 8.78853964805603
2020-07-09 03:27:40,059 - root - DEBUG - Reenqueuing unfinished jobs (3260).
2020-07-09 03:28:59,453 - root - DEBUG - total reward - 220.0, time - 4.294437885284424
2020-07-09 03:30:28,161 - root - DEBUG - total reward - 70.0, time - 42.76679611206055
2020-07-09 03:37:44,035 - root - DEBUG - Reenqueuing unfinished jobs (1660).
2020-07-09 03:47:46,211 - root - DEBUG - Reenqueuing unfinished jobs (2).
2020-07-09 03:48:08,665 - root - DEBUG - Done with generation!
Median: 180.0, average: 463.99720055988803, max: 4060.0, frames: 292,235,612
2020-07-09 03:54:55,644 - root - DEBUG - total reward - 160.0, time - 4.8492889404296875
2020-07-09 03:58:12,513 - root - DEBUG - Reenqueuing unfinished jobs (3260).
2020-07-09 04:01:15,954 - root - DEBUG - total reward - 210.0, time - 5.329952239990234
2020-07-09 04:04:02,766 - root - DEBUG - total reward - 120.0, time - 3.4576051235198975
2020-07-09 04:08:17,156 - root - DEBUG - Reenqueuing unfinished jobs (1560).
2020-07-09 04:15:57,597 - root - DEBUG - total reward - 140.0, time - 3.6423003673553467
2020-07-09 04:17:41,491 - root - DEBUG - Done with generation!
Median: 180.0, average: 471.75964807038594, max: 3720.0, frames: 312,598,116
2020-07-09 04:27:46,005 - root - DEBUG - Reenqueuing unfinished jobs (3077).
2020-07-09 04:30:38,733 - root - DEBUG - total reward - 210.0, time - 4.603633880615234
2020-07-09 04:31:51,671 - root - DEBUG - total reward - 130.0, time - 44.61108183860779
2020-07-09 04:35:02,912 - root - DEBUG - total reward - 50.0, time - 9.993885278701782
2020-07-09 04:37:50,400 - root - DEBUG - Reenqueuing unfinished jobs (1295).
2020-07-09 04:44:58,368 - root - DEBUG - total reward - 170.0, time - 3.4998106956481934
2020-07-09 04:45:20,869 - root - DEBUG - Done with generation!
Median: 180.0, average: 417.0745850829834, max: 3940.0, frames: 331,086,044
2020-07-09 04:55:26,240 - root - DEBUG - Reenqueuing unfinished jobs (2766).
2020-07-09 04:58:35,868 - root - DEBUG - total reward - 220.0, time - 4.830923318862915
2020-07-09 04:59:18,511 - root - DEBUG - total reward - 220.0, time - 4.313086986541748
2020-07-09 05:05:29,801 - root - DEBUG - Reenqueuing unfinished jobs (522).
2020-07-09 05:08:14,422 - root - DEBUG - Done with generation!
Median: 180.0, average: 397.3825234953009, max: 3680.0, frames: 345,186,940
2020-07-09 05:11:53,798 - root - DEBUG - total reward - 120.0, time - 3.00313401222229
2020-07-09 05:18:19,671 - root - DEBUG - Reenqueuing unfinished jobs (2757).
2020-07-09 05:28:23,607 - root - DEBUG - Reenqueuing unfinished jobs (609).
2020-07-09 05:31:46,868 - root - DEBUG - Done with generation!
Median: 200.0, average: 451.96960607878424, max: 3790.0, frames: 359,749,396
2020-07-09 05:32:03,640 - root - DEBUG - total reward - 160.0, time - 4.568697452545166
2020-07-09 05:32:38,853 - root - DEBUG - total reward - 970.0, time - 7.4205873012542725
2020-07-09 05:35:06,437 - root - DEBUG - total reward - 200.0, time - 4.569141626358032
2020-07-09 05:37:28,767 - root - DEBUG - total reward - 200.0, time - 3.856238603591919
2020-07-09 05:39:54,599 - root - DEBUG - total reward - 220.0, time - 5.066734313964844
2020-07-09 05:40:03,009 - root - DEBUG - total reward - 130.0, time - 5.412881374359131
2020-07-09 05:41:51,651 - root - DEBUG - Reenqueuing unfinished jobs (2861).
2020-07-09 05:43:13,105 - root - DEBUG - total reward - 2390.0, time - 8.375144958496094
2020-07-09 05:46:52,208 - root - DEBUG - total reward - 90.0, time - 3.009549856185913
2020-07-09 05:48:14,662 - root - DEBUG - total reward - 190.0, time - 4.1925952434539795
2020-07-09 05:49:32,820 - root - DEBUG - total reward - 150.0, time - 3.561574935913086
2020-07-09 05:51:55,978 - root - DEBUG - Reenqueuing unfinished jobs (772).
2020-07-09 05:54:11,311 - root - DEBUG - total reward - 250.0, time - 5.697211742401123
2020-07-09 05:55:53,809 - root - DEBUG - Done with generation!
Median: 200.0, average: 487.870425914817, max: 3810.0, frames: 374,831,392
2020-07-09 05:59:12,853 - root - DEBUG - total reward - 190.0, time - 3.9225311279296875
2020-07-09 06:05:59,064 - root - DEBUG - Reenqueuing unfinished jobs (2972).
2020-07-09 06:11:00,217 - root - DEBUG - total reward - 200.0, time - 4.0879364013671875
2020-07-09 06:13:24,781 - root - DEBUG - total reward - 210.0, time - 5.843336343765259
2020-07-09 06:16:03,042 - root - DEBUG - Reenqueuing unfinished jobs (1034).
2020-07-09 06:21:38,801 - root - DEBUG - Done with generation!
Median: 200.0, average: 425.9728054389122, max: 3810.0, frames: 391,472,468
2020-07-09 06:24:42,745 - root - DEBUG - total reward - 1560.0, time - 7.722536325454712
2020-07-09 06:31:43,740 - root - DEBUG - Reenqueuing unfinished jobs (2942).
2020-07-09 06:40:46,631 - root - DEBUG - total reward - 80.0, time - 2.928946018218994
2020-07-09 06:41:47,447 - root - DEBUG - Reenqueuing unfinished jobs (901).
2020-07-09 06:43:20,351 - root - DEBUG - total reward - 80.0, time - 3.144109010696411
2020-07-09 06:44:27,300 - root - DEBUG - total reward - 190.0, time - 3.6467344760894775
2020-07-09 06:46:17,741 - root - DEBUG - total reward - 210.0, time - 3.969243049621582
2020-07-09 06:46:26,162 - root - DEBUG - Done with generation!
Median: 190.0, average: 410.131973605279, max: 4020.0, frames: 407,147,276
2020-07-09 06:50:12,922 - root - DEBUG - total reward - 780.0, time - 12.15935468673706
2020-07-09 06:55:50,254 - root - DEBUG - total reward - 200.0, time - 4.420666217803955
2020-07-09 06:56:31,090 - root - DEBUG - Reenqueuing unfinished jobs (2742).
2020-07-09 07:06:35,413 - root - DEBUG - Reenqueuing unfinished jobs (580).
2020-07-09 07:09:09,672 - root - DEBUG - total reward - 120.0, time - 9.0378999710083
2020-07-09 07:09:44,514 - root - DEBUG - Done with generation!
Median: 200.0, average: 455.11897620475906, max: 3970.0, frames: 421,135,828
2020-07-09 07:12:58,203 - root - DEBUG - total reward - 0.0, time - 2.6186771392822266
2020-07-09 07:13:12,224 - root - DEBUG - total reward - 1090.0, time - 8.672743797302246
2020-07-09 07:16:32,476 - root - DEBUG - total reward - 200.0, time - 6.4184956550598145
2020-07-09 07:19:18,679 - root - DEBUG - total reward - 230.0, time - 4.13730001449585
2020-07-09 07:19:48,942 - root - DEBUG - Reenqueuing unfinished jobs (2773).
2020-07-09 07:20:29,074 - root - DEBUG - total reward - 210.0, time - 4.656895637512207
2020-07-09 07:23:23,836 - root - DEBUG - total reward - 1540.0, time - 6.920528173446655
2020-07-09 07:23:58,741 - root - DEBUG - total reward - 210.0, time - 3.966248035430908
2020-07-09 07:25:05,051 - root - DEBUG - total reward - 210.0, time - 3.8725080490112305
2020-07-09 07:29:16,950 - root - DEBUG - total reward - 160.0, time - 4.218623161315918
2020-07-09 07:29:53,035 - root - DEBUG - Reenqueuing unfinished jobs (569).
2020-07-09 07:32:53,474 - root - DEBUG - Done with generation!
Median: 200.0, average: 483.0973805238952, max: 4220.0, frames: 435,165,156
2020-07-09 07:33:29,421 - root - DEBUG - total reward - 140.0, time - 3.5695722103118896
2020-07-09 07:35:19,862 - root - DEBUG - total reward - 180.0, time - 7.4332849979400635
2020-07-09 07:39:17,795 - root - DEBUG - total reward - 160.0, time - 3.3854360580444336
2020-07-09 07:42:59,222 - root - DEBUG - Reenqueuing unfinished jobs (2869).
2020-07-09 07:47:41,869 - root - DEBUG - total reward - 220.0, time - 5.326338052749634
2020-07-09 07:50:03,276 - root - DEBUG - total reward - 160.0, time - 5.471528053283691
2020-07-09 07:53:03,623 - root - DEBUG - Reenqueuing unfinished jobs (663).
2020-07-09 07:56:21,770 - root - DEBUG - Done with generation!
Median: 200.0, average: 464.79304139172166, max: 4220.0, frames: 449,415,364
2020-07-09 07:58:05,664 - root - DEBUG - total reward - 210.0, time - 5.092764377593994
2020-07-09 07:58:51,617 - root - DEBUG - total reward - 1740.0, time - 9.090932607650757
2020-07-09 07:59:03,555 - root - DEBUG - total reward - 220.0, time - 5.494275093078613
2020-07-09 08:02:41,156 - root - DEBUG - total reward - 190.0, time - 4.319849967956543
2020-07-09 08:04:04,712 - root - DEBUG - total reward - 70.0, time - 4.976120471954346
2020-07-09 08:06:26,809 - root - DEBUG - Reenqueuing unfinished jobs (2743).
2020-07-09 08:10:15,415 - root - DEBUG - total reward - 130.0, time - 4.397001028060913
2020-07-09 08:11:02,184 - root - DEBUG - total reward - 160.0, time - 44.97724533081055
2020-07-09 08:16:30,521 - root - DEBUG - Reenqueuing unfinished jobs (572).
2020-07-09 08:19:13,998 - root - DEBUG - Done with generation!
Median: 200.0, average: 429.00419916016796, max: 4000.0, frames: 463,240,132
2020-07-09 08:19:28,844 - root - DEBUG - total reward - 220.0, time - 4.598134517669678
2020-07-09 08:21:51,654 - root - DEBUG - total reward - 220.0, time - 4.336109638214111
2020-07-09 08:22:05,874 - root - DEBUG - total reward - 100.0, time - 4.708781003952026
2020-07-09 08:24:49,046 - root - DEBUG - total reward - 90.0, time - 7.945899963378906
2020-07-09 08:28:41,670 - root - DEBUG - total reward - 180.0, time - 4.390341520309448
2020-07-09 08:29:18,931 - root - DEBUG - Reenqueuing unfinished jobs (2834).
2020-07-09 08:29:49,938 - root - DEBUG - total reward - 190.0, time - 4.828165054321289
2020-07-09 08:31:36,470 - root - DEBUG - total reward - 260.0, time - 5.128376007080078
2020-07-09 08:34:18,773 - root - DEBUG - total reward - 70.0, time - 5.212516784667969
2020-07-09 08:34:24,526 - root - DEBUG - total reward - 190.0, time - 4.235825061798096
2020-07-09 08:34:27,348 - root - DEBUG - total reward - 190.0, time - 3.8366613388061523
2020-07-09 08:39:23,594 - root - DEBUG - Reenqueuing unfinished jobs (738).
2020-07-09 08:43:09,018 - root - DEBUG - Done with generation!
Median: 190.0, average: 466.9186162767447, max: 4280.0, frames: 477,893,120
2020-07-09 08:44:51,545 - root - DEBUG - total reward - 150.0, time - 6.864772081375122
2020-07-09 08:45:16,134 - root - DEBUG - total reward - 170.0, time - 3.692172050476074
2020-07-09 08:53:13,872 - root - DEBUG - Reenqueuing unfinished jobs (2717).
2020-07-09 09:03:18,386 - root - DEBUG - Reenqueuing unfinished jobs (485).
2020-07-09 09:04:29,017 - root - DEBUG - total reward - 60.0, time - 2.935620069503784
2020-07-09 09:05:34,945 - root - DEBUG - Done with generation!
Median: 200.0, average: 457.5744851029794, max: 4150.0, frames: 491,221,172
2020-07-09 09:07:27,681 - root - DEBUG - total reward - 2020.0, time - 9.00491452217102
2020-07-09 09:09:06,442 - root - DEBUG - total reward - 170.0, time - 4.196131467819214
2020-07-09 09:15:39,291 - root - DEBUG - Reenqueuing unfinished jobs (2810).
2020-07-09 09:16:18,101 - root - DEBUG - total reward - 200.0, time - 3.9608559608459473
2020-07-09 09:18:03,666 - root - DEBUG - total reward - 130.0, time - 3.291656970977783
2020-07-09 09:19:33,363 - root - DEBUG - total reward - 1040.0, time - 7.667787551879883
2020-07-09 09:21:59,127 - root - DEBUG - total reward - 820.0, time - 6.908867597579956
2020-07-09 09:23:29,383 - root - DEBUG - total reward - 1280.0, time - 7.634711265563965
2020-07-09 09:25:43,104 - root - DEBUG - Reenqueuing unfinished jobs (620).
2020-07-09 09:28:09,177 - root - DEBUG - total reward - 200.0, time - 4.182070255279541
2020-07-09 09:28:58,565 - root - DEBUG - Done with generation!
Median: 200.0, average: 441.6596680663867, max: 3920.0, frames: 505,220,288
2020-07-09 09:29:43,710 - root - DEBUG - total reward - 120.0, time - 3.38602352142334
2020-07-09 09:36:07,322 - root - DEBUG - total reward - 110.0, time - 3.461517095565796
2020-07-09 09:39:03,716 - root - DEBUG - Reenqueuing unfinished jobs (2716).
2020-07-09 09:49:08,969 - root - DEBUG - Reenqueuing unfinished jobs (447).
2020-07-09 09:51:06,540 - root - DEBUG - Done with generation!
Median: 200.0, average: 405.4009198160368, max: 4360.0, frames: 518,088,100
2020-07-09 09:54:45,847 - root - DEBUG - total reward - 150.0, time - 4.172377586364746
2020-07-09 09:55:10,461 - root - DEBUG - total reward - 220.0, time - 5.115862131118774
2020-07-09 10:01:10,789 - root - DEBUG - Reenqueuing unfinished jobs (2827).
2020-07-09 10:04:13,926 - root - DEBUG - total reward - 200.0, time - 4.851489305496216
2020-07-09 10:08:52,619 - root - DEBUG - total reward - 100.0, time - 7.979162216186523
2020-07-09 10:11:15,117 - root - DEBUG - Reenqueuing unfinished jobs (663).
2020-07-09 10:14:28,842 - root - DEBUG - Done with generation!
Median: 190.0, average: 407.6404719056189, max: 4390.0, frames: 532,127,656
2020-07-09 10:18:18,573 - root - DEBUG - total reward - 200.0, time - 4.863467693328857
2020-07-09 10:19:53,663 - root - DEBUG - total reward - 210.0, time - 4.883229732513428
2020-07-09 10:19:55,535 - root - DEBUG - total reward - 160.0, time - 4.742219686508179
2020-07-09 10:20:43,025 - root - DEBUG - total reward - 160.0, time - 4.539841175079346
2020-07-09 10:24:33,793 - root - DEBUG - Reenqueuing unfinished jobs (2712).
2020-07-09 10:30:14,183 - root - DEBUG - total reward - 2050.0, time - 9.933968782424927
2020-07-09 10:34:38,322 - root - DEBUG - Reenqueuing unfinished jobs (422).
2020-07-09 10:36:43,525 - root - DEBUG - Done with generation!
Median: 200.0, average: 417.9724055188962, max: 4510.0, frames: 545,045,656
2020-07-09 10:39:57,239 - root - DEBUG - total reward - 140.0, time - 3.49926495552063
2020-07-09 10:41:56,610 - root - DEBUG - total reward - 140.0, time - 8.843985557556152
2020-07-09 10:43:46,354 - root - DEBUG - total reward - 120.0, time - 3.437131881713867
2020-07-09 10:46:48,067 - root - DEBUG - Reenqueuing unfinished jobs (2842).
2020-07-09 10:55:47,487 - root - DEBUG - total reward - 120.0, time - 4.558767557144165
2020-07-09 10:56:52,263 - root - DEBUG - Reenqueuing unfinished jobs (715).
2020-07-09 11:00:21,516 - root - DEBUG - Done with generation!
Median: 190.0, average: 432.1975604879024, max: 4510.0, frames: 559,236,620
2020-07-09 11:01:13,521 - root - DEBUG - total reward - 210.0, time - 5.773566246032715
2020-07-09 11:09:51,844 - root - DEBUG - total reward - 200.0, time - 5.627848148345947
2020-07-09 11:10:26,718 - root - DEBUG - Reenqueuing unfinished jobs (2768).
2020-07-09 11:14:51,654 - root - DEBUG - total reward - 230.0, time - 6.296247482299805
2020-07-09 11:20:04,776 - root - DEBUG - total reward - 170.0, time - 5.466766357421875
2020-07-09 11:20:31,450 - root - DEBUG - Reenqueuing unfinished jobs (576).
2020-07-09 11:21:12,537 - root - DEBUG - total reward - 1530.0, time - 10.453315496444702
2020-07-09 11:21:53,336 - root - DEBUG - total reward - 180.0, time - 3.865244150161743
2020-07-09 11:22:50,532 - root - DEBUG - total reward - 170.0, time - 3.7901697158813477
2020-07-09 11:23:22,585 - root - DEBUG - Done with generation!
Median: 190.0, average: 471.9556088782244, max: 4400.0, frames: 572,827,492
2020-07-09 11:24:50,074 - root - DEBUG - total reward - 190.0, time - 4.035236597061157
2020-07-09 11:26:59,584 - root - DEBUG - total reward - 160.0, time - 3.9183220863342285
2020-07-09 11:29:36,137 - root - DEBUG - total reward - 220.0, time - 5.358376741409302
2020-07-09 11:30:05,229 - root - DEBUG - total reward - 160.0, time - 3.9375534057617188
2020-07-09 11:32:30,998 - root - DEBUG - total reward - 120.0, time - 7.667578458786011
2020-07-09 11:33:27,549 - root - DEBUG - Reenqueuing unfinished jobs (2903).
2020-07-09 11:38:25,139 - root - DEBUG - total reward - 870.0, time - 7.160524368286133
2020-07-09 11:40:06,259 - root - DEBUG - total reward - 200.0, time - 4.14911413192749
2020-07-09 11:43:32,142 - root - DEBUG - Reenqueuing unfinished jobs (822).
2020-07-09 11:47:47,011 - root - DEBUG - Done with generation!
Median: 190.0, average: 517.0305938812238, max: 4400.0, frames: 587,756,320
2020-07-09 11:48:33,118 - root - DEBUG - total reward - 60.0, time - 3.7191269397735596
2020-07-09 11:49:42,396 - root - DEBUG - total reward - 1340.0, time - 18.118549823760986
2020-07-09 11:50:15,987 - root - DEBUG - total reward - 2210.0, time - 9.849896907806396
2020-07-09 11:55:00,515 - root - DEBUG - total reward - 190.0, time - 4.628301620483398
2020-07-09 11:56:02,929 - root - DEBUG - total reward - 80.0, time - 9.485327005386353
2020-07-09 11:56:04,664 - root - DEBUG - total reward - 200.0, time - 3.997950792312622
2020-07-09 11:57:51,680 - root - DEBUG - Reenqueuing unfinished jobs (2908).
2020-07-09 12:00:22,747 - root - DEBUG - total reward - 220.0, time - 4.39406943321228
2020-07-09 12:05:10,723 - root - DEBUG - total reward - 140.0, time - 4.00871729850769
2020-07-09 12:07:56,454 - root - DEBUG - Reenqueuing unfinished jobs (866).
2020-07-09 12:12:21,348 - root - DEBUG - Done with generation!
Median: 190.0, average: 531.9656068786243, max: 4240.0, frames: 602,670,160
2020-07-09 12:22:02,297 - root - DEBUG - total reward - 250.0, time - 5.612995624542236
2020-07-09 12:22:27,259 - root - DEBUG - Reenqueuing unfinished jobs (2933).
2020-07-09 12:25:47,828 - root - DEBUG - total reward - 1580.0, time - 7.867372274398804
2020-07-09 12:29:06,382 - root - DEBUG - total reward - 150.0, time - 4.508660316467285
2020-07-09 12:32:31,650 - root - DEBUG - Reenqueuing unfinished jobs (861).
2020-07-09 12:37:07,460 - root - DEBUG - Done with generation!
Median: 200.0, average: 505.90481903619275, max: 4520.0, frames: 617,220,316
2020-07-09 12:39:04,805 - root - DEBUG - total reward - 250.0, time - 4.974069833755493
2020-07-09 12:45:25,049 - root - DEBUG - total reward - 1870.0, time - 10.482108354568481
2020-07-09 12:45:28,502 - root - DEBUG - total reward - 740.0, time - 7.997421503067017
2020-07-09 12:47:13,448 - root - DEBUG - Reenqueuing unfinished jobs (2923).
2020-07-09 12:48:39,074 - root - DEBUG - total reward - 70.0, time - 14.453039169311523
2020-07-09 12:49:26,140 - root - DEBUG - total reward - 170.0, time - 4.205620288848877
2020-07-09 12:56:29,214 - root - DEBUG - total reward - 980.0, time - 10.75041651725769
2020-07-09 12:57:18,407 - root - DEBUG - Reenqueuing unfinished jobs (841).
2020-07-09 13:01:37,840 - root - DEBUG - Done with generation!
Median: 200.0, average: 384.8390321935613, max: 4520.0, frames: 631,414,880
2020-07-09 13:04:31,514 - root - DEBUG - total reward - 240.0, time - 4.2848522663116455
2020-07-09 13:09:16,827 - root - DEBUG - total reward - 190.0, time - 4.6027140617370605
2020-07-09 13:11:43,585 - root - DEBUG - Reenqueuing unfinished jobs (2970).
2020-07-09 13:19:24,308 - root - DEBUG - total reward - 190.0, time - 4.644237279891968
2020-07-09 13:21:48,574 - root - DEBUG - Reenqueuing unfinished jobs (1021).
2020-07-09 13:24:24,547 - root - DEBUG - total reward - 180.0, time - 4.113704681396484
2020-07-09 13:27:18,220 - root - DEBUG - Done with generation!
Median: 190.0, average: 387.376524695061, max: 3920.0, frames: 646,535,704
2020-07-09 13:30:55,548 - root - DEBUG - total reward - 160.0, time - 5.594929933547974
2020-07-09 13:37:23,248 - root - DEBUG - Reenqueuing unfinished jobs (2931).
2020-07-09 13:37:44,927 - root - DEBUG - total reward - 130.0, time - 3.8020272254943848
2020-07-09 13:46:55,991 - root - DEBUG - total reward - 910.0, time - 13.484677791595459
2020-07-09 13:47:27,147 - root - DEBUG - Reenqueuing unfinished jobs (897).
2020-07-09 13:51:39,049 - root - DEBUG - total reward - 200.0, time - 3.8810651302337646
2020-07-09 13:51:51,742 - root - DEBUG - Done with generation!
Median: 190.0, average: 401.20775844831036, max: 4160.0, frames: 660,969,576
2020-07-09 13:58:10,495 - root - DEBUG - total reward - 160.0, time - 3.1714255809783936
2020-07-09 13:59:18,730 - root - DEBUG - total reward - 770.0, time - 7.614697217941284
2020-07-09 14:01:57,209 - root - DEBUG - Reenqueuing unfinished jobs (2867).
2020-07-09 14:08:36,756 - root - DEBUG - total reward - 140.0, time - 4.474605083465576
2020-07-09 14:12:00,861 - root - DEBUG - Reenqueuing unfinished jobs (755).
2020-07-09 14:13:09,064 - root - DEBUG - total reward - 770.0, time - 5.452436447143555
2020-07-09 14:13:17,134 - root - DEBUG - total reward - 220.0, time - 7.531567335128784
2020-07-09 14:15:44,287 - root - DEBUG - Done with generation!
Median: 200.0, average: 437.52849430113974, max: 4240.0, frames: 675,365,656
2020-07-09 14:16:39,412 - root - DEBUG - total reward - 160.0, time - 4.658372640609741
2020-07-09 14:19:48,932 - root - DEBUG - total reward - 250.0, time - 5.170983552932739
2020-07-09 14:23:11,205 - root - DEBUG - total reward - 50.0, time - 2.7161338329315186
2020-07-09 14:23:14,716 - root - DEBUG - total reward - 270.0, time - 5.381063461303711
2020-07-09 14:25:49,638 - root - DEBUG - Reenqueuing unfinished jobs (2911).
2020-07-09 14:27:20,413 - root - DEBUG - total reward - 120.0, time - 3.9460842609405518
2020-07-09 14:35:46,944 - root - DEBUG - total reward - 160.0, time - 3.880469799041748
2020-07-09 14:35:54,391 - root - DEBUG - Reenqueuing unfinished jobs (828).
2020-07-09 14:39:12,313 - root - DEBUG - total reward - 40.0, time - 2.9297471046447754
2020-07-09 14:40:08,472 - root - DEBUG - Done with generation!
Median: 190.0, average: 444.3391321735653, max: 4210.0, frames: 690,185,780
2020-07-09 14:46:17,095 - root - DEBUG - total reward - 120.0, time - 3.134089708328247
2020-07-09 14:50:14,221 - root - DEBUG - Reenqueuing unfinished jobs (2781).
2020-07-09 14:54:40,714 - root - DEBUG - total reward - 200.0, time - 3.64280104637146
2020-07-09 14:57:30,798 - root - DEBUG - total reward - 160.0, time - 3.951779365539551
2020-07-09 15:00:18,686 - root - DEBUG - Reenqueuing unfinished jobs (630).
2020-07-09 15:03:28,086 - root - DEBUG - Done with generation!
Median: 180.0, average: 402.881423715257, max: 4390.0, frames: 703,783,920
2020-07-09 15:03:40,553 - root - DEBUG - total reward - 70.0, time - 2.6869828701019287
2020-07-09 15:04:58,196 - root - DEBUG - total reward - 120.0, time - 14.789073467254639
2020-07-09 15:06:08,511 - root - DEBUG - total reward - 160.0, time - 4.042330026626587
2020-07-09 15:06:14,442 - root - DEBUG - total reward - 60.0, time - 3.051173210144043
2020-07-09 15:13:32,801 - root - DEBUG - Reenqueuing unfinished jobs (2884).
2020-07-09 15:17:02,834 - root - DEBUG - total reward - 210.0, time - 4.654068946838379
2020-07-09 15:18:51,481 - root - DEBUG - total reward - 120.0, time - 12.133159637451172
2020-07-09 15:19:04,107 - root - DEBUG - total reward - 130.0, time - 3.937187910079956
2020-07-09 15:23:37,492 - root - DEBUG - Reenqueuing unfinished jobs (750).
2020-07-09 15:25:21,624 - root - DEBUG - total reward - 240.0, time - 6.251621246337891
2020-07-09 15:27:15,708 - root - DEBUG - Done with generation!
Median: 190.0, average: 452.123575284943, max: 4500.0, frames: 717,982,376
2020-07-09 15:32:06,319 - root - DEBUG - total reward - 2360.0, time - 8.647039651870728
2020-07-09 15:37:20,680 - root - DEBUG - Reenqueuing unfinished jobs (3033).
2020-07-09 15:39:25,872 - root - DEBUG - total reward - 120.0, time - 44.77117419242859
2020-07-09 15:47:12,898 - root - DEBUG - total reward - 130.0, time - 3.5667636394500732
2020-07-09 15:47:24,620 - root - DEBUG - Reenqueuing unfinished jobs (1125).
2020-07-09 15:52:50,361 - root - DEBUG - total reward - 160.0, time - 3.8047077655792236
2020-07-09 15:53:11,297 - root - DEBUG - Done with generation!
Median: 200.0, average: 640.3519296140772, max: 4500.0, frames: 733,972,872
2020-07-09 16:00:02,832 - root - DEBUG - total reward - 200.0, time - 4.6703572273254395
2020-07-09 16:02:10,363 - root - DEBUG - total reward - 180.0, time - 4.233163356781006
2020-07-09 16:03:16,162 - root - DEBUG - Reenqueuing unfinished jobs (2951).
2020-07-09 16:04:00,864 - root - DEBUG - total reward - 3560.0, time - 13.378897666931152
2020-07-09 16:06:51,731 - root - DEBUG - total reward - 200.0, time - 4.031567096710205
2020-07-09 16:10:04,900 - root - DEBUG - total reward - 200.0, time - 4.122827768325806
2020-07-09 16:13:20,651 - root - DEBUG - Reenqueuing unfinished jobs (912).
2020-07-09 16:13:47,815 - root - DEBUG - total reward - 120.0, time - 12.050653457641602
2020-07-09 16:17:52,972 - root - DEBUG - Done with generation!
Median: 210.0, average: 606.4387122575484, max: 4500.0, frames: 748,774,600
2020-07-09 16:19:14,447 - root - DEBUG - total reward - 820.0, time - 6.621335029602051
2020-07-09 16:22:05,938 - root - DEBUG - total reward - 640.0, time - 7.519057273864746
2020-07-09 16:23:57,641 - root - DEBUG - total reward - 200.0, time - 4.63764500617981
2020-07-09 16:27:57,793 - root - DEBUG - Reenqueuing unfinished jobs (3059).
2020-07-09 16:28:46,960 - root - DEBUG - total reward - 2630.0, time - 9.990248918533325
2020-07-09 16:38:02,154 - root - DEBUG - Reenqueuing unfinished jobs (1196).
2020-07-09 16:40:55,210 - root - DEBUG - total reward - 160.0, time - 6.705612659454346
2020-07-09 16:42:45,324 - root - DEBUG - total reward - 800.0, time - 6.548572778701782
2020-07-09 16:42:47,467 - root - DEBUG - total reward - 1040.0, time - 9.886171102523804
2020-07-09 16:43:33,649 - root - DEBUG - total reward - 240.0, time - 5.485807657241821
2020-07-09 16:43:36,779 - root - DEBUG - total reward - 220.0, time - 5.37141489982605
2020-07-09 16:44:32,596 - root - DEBUG - Done with generation!
Median: 210.0, average: 720.3259348130374, max: 5460.0, frames: 765,401,376
2020-07-09 16:45:21,906 - root - DEBUG - total reward - 170.0, time - 5.14530348777771
2020-07-09 16:49:07,394 - root - DEBUG - total reward - 160.0, time - 3.650007724761963
2020-07-09 16:54:37,064 - root - DEBUG - Reenqueuing unfinished jobs (3031).
2020-07-09 17:03:00,715 - root - DEBUG - total reward - 200.0, time - 3.7964913845062256
2020-07-09 17:04:41,762 - root - DEBUG - Reenqueuing unfinished jobs (1117).
2020-07-09 17:05:53,480 - root - DEBUG - total reward - 210.0, time - 4.931116342544556
2020-07-09 17:10:34,816 - root - DEBUG - Done with generation!
Median: 200.0, average: 617.242551489702, max: 4300.0, frames: 781,674,016
2020-07-09 17:15:24,737 - root - DEBUG - total reward - 160.0, time - 4.213084936141968
2020-07-09 17:20:39,475 - root - DEBUG - Reenqueuing unfinished jobs (3141).
2020-07-09 17:23:03,174 - root - DEBUG - total reward - 120.0, time - 20.075573682785034
2020-07-09 17:26:36,843 - root - DEBUG - total reward - 160.0, time - 3.824772834777832
2020-07-09 17:30:25,347 - root - DEBUG - total reward - 1630.0, time - 8.4089937210083
2020-07-09 17:30:43,734 - root - DEBUG - Reenqueuing unfinished jobs (1306).
2020-07-09 17:37:51,112 - root - DEBUG - Done with generation!
Median: 200.0, average: 627.3545290941812, max: 4300.0, frames: 799,146,316
2020-07-09 17:43:57,788 - root - DEBUG - total reward - 1430.0, time - 10.176515817642212
2020-07-09 17:45:53,215 - root - DEBUG - total reward - 100.0, time - 4.635343074798584
2020-07-09 17:47:56,809 - root - DEBUG - Reenqueuing unfinished jobs (3373).
2020-07-09 17:58:01,578 - root - DEBUG - Reenqueuing unfinished jobs (1783).
2020-07-09 17:58:26,740 - root - DEBUG - total reward - 210.0, time - 4.270669460296631
2020-07-09 18:01:03,972 - root - DEBUG - total reward - 200.0, time - 4.346755027770996
2020-07-09 18:08:04,700 - root - DEBUG - Reenqueuing unfinished jobs (147).
2020-07-09 18:09:19,204 - root - DEBUG - Done with generation!
Median: 210.0, average: 786.9066186762648, max: 4640.0, frames: 820,102,868
2020-07-09 18:11:05,581 - root - DEBUG - total reward - 3580.0, time - 15.174580812454224
2020-07-09 18:17:21,603 - root - DEBUG - total reward - 160.0, time - 4.208787441253662
2020-07-09 18:19:24,902 - root - DEBUG - Reenqueuing unfinished jobs (3349).
2020-07-09 18:19:48,661 - root - DEBUG - total reward - 120.0, time - 13.97926950454712
2020-07-09 18:22:03,052 - root - DEBUG - total reward - 230.0, time - 7.62144923210144
2020-07-09 18:26:25,018 - root - DEBUG - total reward - 760.0, time - 6.25238823890686
2020-07-09 18:29:29,830 - root - DEBUG - Reenqueuing unfinished jobs (1734).
2020-07-09 18:30:35,461 - root - DEBUG - total reward - 110.0, time - 17.314893007278442
2020-07-09 18:39:32,134 - root - DEBUG - Reenqueuing unfinished jobs (103).
2020-07-09 18:40:36,090 - root - DEBUG - Done with generation!
Median: 220.0, average: 801.1037792441512, max: 4640.0, frames: 840,775,016
2020-07-09 18:41:51,276 - root - DEBUG - total reward - 1970.0, time - 13.188755989074707
2020-07-09 18:46:01,403 - root - DEBUG - total reward - 3520.0, time - 10.25792145729065
2020-07-09 18:50:41,060 - root - DEBUG - Reenqueuing unfinished jobs (3210).
2020-07-09 18:52:53,408 - root - DEBUG - total reward - 180.0, time - 3.594217538833618
2020-07-09 19:00:26,653 - root - DEBUG - total reward - 160.0, time - 4.954938173294067
2020-07-09 19:00:45,598 - root - DEBUG - Reenqueuing unfinished jobs (1473).
2020-07-09 19:01:53,150 - root - DEBUG - total reward - 150.0, time - 3.5342867374420166
2020-07-09 19:07:05,070 - root - DEBUG - total reward - 910.0, time - 7.355769634246826
2020-07-09 19:08:11,146 - root - DEBUG - total reward - 160.0, time - 5.763516426086426
2020-07-09 19:08:50,909 - root - DEBUG - total reward - 3030.0, time - 8.665708780288696
2020-07-09 19:09:34,220 - root - DEBUG - Done with generation!
Median: 200.0, average: 729.3341331733653, max: 5350.0, frames: 859,565,828
2020-07-09 19:14:25,065 - root - DEBUG - total reward - 180.0, time - 3.5678915977478027
2020-07-09 19:15:13,986 - root - DEBUG - total reward - 200.0, time - 5.092897653579712
2020-07-09 19:19:39,436 - root - DEBUG - Reenqueuing unfinished jobs (3196).
2020-07-09 19:20:58,546 - root - DEBUG - total reward - 1110.0, time - 7.161279916763306
2020-07-09 19:28:03,873 - root - DEBUG - total reward - 1160.0, time - 9.57324767112732
2020-07-09 19:29:43,857 - root - DEBUG - Reenqueuing unfinished jobs (1478).
2020-07-09 19:38:26,226 - root - DEBUG - Done with generation!
Median: 210.0, average: 787.4365126974606, max: 4430.0, frames: 877,963,464
2020-07-09 19:48:31,522 - root - DEBUG - Reenqueuing unfinished jobs (3151).
2020-07-09 19:53:11,433 - root - DEBUG - total reward - 230.0, time - 5.731243848800659
2020-07-09 19:54:26,497 - root - DEBUG - total reward - 3540.0, time - 13.790743350982666
2020-07-09 19:58:36,734 - root - DEBUG - Reenqueuing unfinished jobs (1278).
2020-07-09 20:01:19,782 - root - DEBUG - total reward - 180.0, time - 3.712999105453491
2020-07-09 20:04:49,880 - root - DEBUG - total reward - 200.0, time - 4.797639608383179
2020-07-09 20:05:34,110 - root - DEBUG - total reward - 2960.0, time - 9.793264389038086
2020-07-09 20:05:46,866 - root - DEBUG - Done with generation!
Median: 210.0, average: 808.5782843431314, max: 4400.0, frames: 894,742,656
2020-07-09 20:13:59,923 - root - DEBUG - total reward - 180.0, time - 5.637933731079102
2020-07-09 20:15:51,530 - root - DEBUG - Reenqueuing unfinished jobs (3064).
2020-07-09 20:16:27,148 - root - DEBUG - total reward - 160.0, time - 3.529127836227417
2020-07-09 20:19:33,913 - root - DEBUG - total reward - 100.0, time - 4.456907272338867
2020-07-09 20:21:24,891 - root - DEBUG - total reward - 190.0, time - 5.771739959716797
2020-07-09 20:24:08,736 - root - DEBUG - total reward - 150.0, time - 6.745787620544434
2020-07-09 20:25:43,925 - root - DEBUG - total reward - 120.0, time - 14.938611268997192
2020-07-09 20:25:56,925 - root - DEBUG - Reenqueuing unfinished jobs (1118).
2020-07-09 20:26:48,313 - root - DEBUG - total reward - 190.0, time - 4.097282886505127
2020-07-09 20:31:20,915 - root - DEBUG - total reward - 140.0, time - 5.504788160324097
2020-07-09 20:31:54,233 - root - DEBUG - Done with generation!
Median: 200.0, average: 685.5668866226755, max: 4680.0, frames: 910,324,632
2020-07-09 20:33:57,966 - root - DEBUG - total reward - 170.0, time - 3.52961802482605
2020-07-09 20:39:06,905 - root - DEBUG - total reward - 140.0, time - 3.833557605743408
2020-07-09 20:40:39,186 - root - DEBUG - total reward - 1060.0, time - 8.81816053390503
2020-07-09 20:41:59,007 - root - DEBUG - Reenqueuing unfinished jobs (3138).
2020-07-09 20:44:22,876 - root - DEBUG - total reward - 120.0, time - 44.885194540023804
2020-07-09 20:45:02,799 - root - DEBUG - total reward - 160.0, time - 4.887383699417114
2020-07-09 20:50:34,639 - root - DEBUG - total reward - 3850.0, time - 12.506622076034546
2020-07-09 20:52:04,084 - root - DEBUG - Reenqueuing unfinished jobs (1298).
2020-07-09 20:57:27,789 - root - DEBUG - total reward - 3030.0, time - 12.489101648330688
2020-07-09 20:57:50,325 - root - DEBUG - total reward - 160.0, time - 3.961047410964966
2020-07-09 20:59:13,650 - root - DEBUG - Done with generation!
Median: 200.0, average: 746.4427114577085, max: 5680.0, frames: 926,969,624
2020-07-09 21:04:36,007 - root - DEBUG - total reward - 200.0, time - 4.750988721847534
2020-07-09 21:06:24,234 - root - DEBUG - total reward - 3950.0, time - 13.838064193725586
2020-07-09 21:09:18,695 - root - DEBUG - Reenqueuing unfinished jobs (3076).
2020-07-09 21:12:54,957 - root - DEBUG - total reward - 160.0, time - 3.5157055854797363
2020-07-09 21:15:34,494 - root - DEBUG - total reward - 150.0, time - 4.177971363067627
2020-07-09 21:19:23,326 - root - DEBUG - Reenqueuing unfinished jobs (1126).
2020-07-09 21:20:07,562 - root - DEBUG - total reward - 1650.0, time - 7.307832479476929
2020-07-09 21:21:25,262 - root - DEBUG - total reward - 210.0, time - 5.125770330429077
2020-07-09 21:24:59,334 - root - DEBUG - total reward - 880.0, time - 11.040043115615845
2020-07-09 21:25:13,308 - root - DEBUG - Done with generation!
Median: 200.0, average: 732.253549290142, max: 5680.0, frames: 942,883,764
2020-07-09 21:33:32,394 - root - DEBUG - total reward - 120.0, time - 4.5096025466918945
2020-07-09 21:35:18,866 - root - DEBUG - Reenqueuing unfinished jobs (2970).
2020-07-09 21:35:56,591 - root - DEBUG - total reward - 210.0, time - 6.588948488235474
2020-07-09 21:37:42,366 - root - DEBUG - total reward - 240.0, time - 4.203118801116943
2020-07-09 21:45:22,928 - root - DEBUG - Reenqueuing unfinished jobs (976).
2020-07-09 21:45:50,858 - root - DEBUG - total reward - 110.0, time - 2.960573196411133
2020-07-09 21:46:21,874 - root - DEBUG - total reward - 180.0, time - 4.682440519332886
2020-07-09 21:50:12,264 - root - DEBUG - Done with generation!
Median: 190.0, average: 623.0453909218156, max: 4770.0, frames: 957,843,136
2020-07-09 21:51:07,718 - root - DEBUG - total reward - 170.0, time - 4.517803192138672
2020-07-09 22:00:17,375 - root - DEBUG - Reenqueuing unfinished jobs (3062).
2020-07-09 22:02:12,797 - root - DEBUG - total reward - 180.0, time - 3.830233573913574
2020-07-09 22:03:44,502 - root - DEBUG - total reward - 30.0, time - 8.862306833267212
2020-07-09 22:04:29,925 - root - DEBUG - total reward - 220.0, time - 6.149070978164673
2020-07-09 22:09:57,651 - root - DEBUG - total reward - 120.0, time - 6.806747913360596
2020-07-09 22:10:22,118 - root - DEBUG - Reenqueuing unfinished jobs (1147).
2020-07-09 22:16:43,374 - root - DEBUG - Done with generation!
Median: 200.0, average: 638.7102579484103, max: 4870.0, frames: 973,991,684
2020-07-09 22:16:57,721 - root - DEBUG - total reward - 140.0, time - 4.843576431274414
2020-07-09 22:22:32,134 - root - DEBUG - total reward - 190.0, time - 4.746954679489136
2020-07-09 22:26:47,756 - root - DEBUG - Reenqueuing unfinished jobs (3016).
2020-07-09 22:35:40,639 - root - DEBUG - total reward - 220.0, time - 6.255757093429565
2020-07-09 22:35:41,995 - root - DEBUG - total reward - 200.0, time - 4.835192680358887
2020-07-09 22:36:52,123 - root - DEBUG - Reenqueuing unfinished jobs (1074).
2020-07-09 22:42:06,768 - root - DEBUG - total reward - 2530.0, time - 11.710524320602417
2020-07-09 22:42:26,861 - root - DEBUG - Done with generation!
Median: 200.0, average: 689.1941611677664, max: 4960.0, frames: 989,404,204
2020-07-09 22:47:26,174 - root - DEBUG - total reward - 1800.0, time - 7.681929349899292
2020-07-09 22:52:31,596 - root - DEBUG - Reenqueuing unfinished jobs (3241).
2020-07-09 23:02:36,438 - root - DEBUG - Reenqueuing unfinished jobs (1535).
2020-07-09 23:04:54,918 - root - DEBUG - total reward - 120.0, time - 9.435333728790283
2020-07-09 23:10:26,113 - root - DEBUG - total reward - 4220.0, time - 10.94390058517456
2020-07-09 23:11:52,518 - root - DEBUG - Done with generation!
Median: 200.0, average: 743.7132573485303, max: 4960.0, frames: 1,007,747,252
2020-07-09 23:19:31,651 - root - DEBUG - total reward - 180.0, time - 7.577026605606079
2020-07-09 23:21:58,011 - root - DEBUG - Reenqueuing unfinished jobs (3364).
2020-07-09 23:28:11,621 - root - DEBUG - total reward - 2460.0, time - 13.211959600448608
2020-07-09 23:32:03,315 - root - DEBUG - Reenqueuing unfinished jobs (1808).
2020-07-09 23:33:06,953 - root - DEBUG - total reward - 200.0, time - 5.895604372024536
2020-07-09 23:33:35,285 - root - DEBUG - total reward - 220.0, time - 4.268163681030273
2020-07-09 23:35:06,818 - root - DEBUG - total reward - 120.0, time - 5.5818400382995605
2020-07-09 23:42:00,330 - root - DEBUG - total reward - 140.0, time - 5.309683799743652
2020-07-09 23:42:05,682 - root - DEBUG - Reenqueuing unfinished jobs (228).
2020-07-09 23:46:31,261 - root - DEBUG - Best score: 5420.0
2020-07-09 23:46:52,720 - root - DEBUG - Worst score: 150.0
2020-07-09 23:46:58,098 - root - DEBUG - Median score: 170.0
2020-07-09 23:47:02,796 - matplotlib.font_manager - DEBUG - findfont: Matching sans\-serif:style=normal:variant=normal:weight=normal:stretch=normal:size=10.0.
2020-07-09 23:47:02,796 - matplotlib.font_manager - DEBUG - findfont: score(<Font 'DejaVu Sans' (DejaVuSans.ttf) normal normal 400 normal>) = 2.05
2020-07-09 23:47:02,796 - matplotlib.font_manager - DEBUG - findfont: score(<Font 'DejaVu Serif' (DejaVuSerif-Bold.ttf) normal normal 700 normal>) = 10.335
2020-07-09 23:47:02,796 - matplotlib.font_manager - DEBUG - findfont: score(<Font 'DejaVu Sans' (DejaVuSans-Oblique.ttf) oblique normal 400 normal>) = 3.05
2020-07-09 23:47:02,796 - matplotlib.font_manager - DEBUG - findfont: score(<Font 'STIXSizeTwoSym' (STIXSizTwoSymReg.ttf) normal normal regular normal>) = 10.05
2020-07-09 23:47:02,796 - matplotlib.font_manager - DEBUG - findfont: score(<Font 'STIXSizeFourSym' (STIXSizFourSymReg.ttf) normal normal regular normal>) = 10.05
2020-07-09 23:47:02,796 - matplotlib.font_manager - DEBUG - findfont: score(<Font 'cmss10' (cmss10.ttf) normal normal 400 normal>) = 10.05
2020-07-09 23:47:02,796 - matplotlib.font_manager - DEBUG - findfont: score(<Font 'STIXNonUnicode' (STIXNonUniIta.ttf) italic normal 400 normal>) = 11.05
2020-07-09 23:47:02,796 - matplotlib.font_manager - DEBUG - findfont: score(<Font 'DejaVu Serif' (DejaVuSerif-Italic.ttf) italic normal 400 normal>) = 11.05
2020-07-09 23:47:02,796 - matplotlib.font_manager - DEBUG - findfont: score(<Font 'DejaVu Sans' (DejaVuSans-BoldOblique.ttf) oblique normal 700 normal>) = 3.335
2020-07-09 23:47:02,797 - matplotlib.font_manager - DEBUG - findfont: score(<Font 'STIXSizeFourSym' (STIXSizFourSymBol.ttf) normal normal 700 normal>) = 10.335
2020-07-09 23:47:02,797 - matplotlib.font_manager - DEBUG - findfont: score(<Font 'STIXSizeTwoSym' (STIXSizTwoSymBol.ttf) normal normal 700 normal>) = 10.335
2020-07-09 23:47:02,797 - matplotlib.font_manager - DEBUG - findfont: score(<Font 'STIXSizeOneSym' (STIXSizOneSymBol.ttf) normal normal 700 normal>) = 10.335
2020-07-09 23:47:02,797 - matplotlib.font_manager - DEBUG - findfont: score(<Font 'DejaVu Sans' (DejaVuSans-Bold.ttf) normal normal 700 normal>) = 2.335
2020-07-09 23:47:02,797 - matplotlib.font_manager - DEBUG - findfont: score(<Font 'STIXNonUnicode' (STIXNonUniBol.ttf) normal normal 700 normal>) = 10.335
2020-07-09 23:47:02,797 - matplotlib.font_manager - DEBUG - findfont: score(<Font 'DejaVu Sans Mono' (DejaVuSansMono.ttf) normal normal 400 normal>) = 10.05
2020-07-09 23:47:02,797 - matplotlib.font_manager - DEBUG - findfont: score(<Font 'STIXNonUnicode' (STIXNonUniBolIta.ttf) italic normal 700 normal>) = 11.335
2020-07-09 23:47:02,797 - matplotlib.font_manager - DEBUG - findfont: score(<Font 'STIXSizeFiveSym' (STIXSizFiveSymReg.ttf) normal normal regular normal>) = 10.05
2020-07-09 23:47:02,797 - matplotlib.font_manager - DEBUG - findfont: score(<Font 'cmex10' (cmex10.ttf) normal normal 400 normal>) = 10.05
2020-07-09 23:47:02,797 - matplotlib.font_manager - DEBUG - findfont: score(<Font 'DejaVu Sans Display' (DejaVuSansDisplay.ttf) normal normal 400 normal>) = 10.05
2020-07-09 23:47:02,797 - matplotlib.font_manager - DEBUG - findfont: score(<Font 'STIXNonUnicode' (STIXNonUni.ttf) normal normal regular normal>) = 10.05
2020-07-09 23:47:02,797 - matplotlib.font_manager - DEBUG - findfont: score(<Font 'STIXSizeThreeSym' (STIXSizThreeSymReg.ttf) normal normal regular normal>) = 10.05
2020-07-09 23:47:02,797 - matplotlib.font_manager - DEBUG - findfont: score(<Font 'STIXGeneral' (STIXGeneral.ttf) normal normal regular normal>) = 10.05
2020-07-09 23:47:02,797 - matplotlib.font_manager - DEBUG - findfont: score(<Font 'STIXGeneral' (STIXGeneralBol.ttf) normal normal 700 normal>) = 10.335
2020-07-09 23:47:02,797 - matplotlib.font_manager - DEBUG - findfont: score(<Font 'DejaVu Sans Mono' (DejaVuSansMono-BoldOblique.ttf) oblique normal 700 normal>) = 11.335
2020-07-09 23:47:02,797 - matplotlib.font_manager - DEBUG - findfont: score(<Font 'STIXSizeThreeSym' (STIXSizThreeSymBol.ttf) normal normal 700 normal>) = 10.335
2020-07-09 23:47:02,797 - matplotlib.font_manager - DEBUG - findfont: score(<Font 'cmmi10' (cmmi10.ttf) normal normal 400 normal>) = 10.05
2020-07-09 23:47:02,797 - matplotlib.font_manager - DEBUG - findfont: score(<Font 'DejaVu Serif' (DejaVuSerif.ttf) normal normal 400 normal>) = 10.05
2020-07-09 23:47:02,798 - matplotlib.font_manager - DEBUG - findfont: score(<Font 'STIXSizeOneSym' (STIXSizOneSymReg.ttf) normal normal regular normal>) = 10.05
2020-07-09 23:47:02,798 - matplotlib.font_manager - DEBUG - findfont: score(<Font 'STIXGeneral' (STIXGeneralItalic.ttf) italic normal 400 normal>) = 11.05
2020-07-09 23:47:02,798 - matplotlib.font_manager - DEBUG - findfont: score(<Font 'STIXGeneral' (STIXGeneralBolIta.ttf) italic normal 700 normal>) = 11.335
2020-07-09 23:47:02,798 - matplotlib.font_manager - DEBUG - findfont: score(<Font 'DejaVu Sans Mono' (DejaVuSansMono-Bold.ttf) normal normal 700 normal>) = 10.335
2020-07-09 23:47:02,798 - matplotlib.font_manager - DEBUG - findfont: score(<Font 'DejaVu Serif Display' (DejaVuSerifDisplay.ttf) normal normal 400 normal>) = 10.05
2020-07-09 23:47:02,798 - matplotlib.font_manager - DEBUG - findfont: score(<Font 'cmtt10' (cmtt10.ttf) normal normal 400 normal>) = 10.05
2020-07-09 23:47:02,798 - matplotlib.font_manager - DEBUG - findfont: score(<Font 'DejaVu Sans Mono' (DejaVuSansMono-Oblique.ttf) oblique normal 400 normal>) = 11.05
2020-07-09 23:47:02,798 - matplotlib.font_manager - DEBUG - findfont: score(<Font 'cmsy10' (cmsy10.ttf) normal normal 400 normal>) = 10.05
2020-07-09 23:47:02,798 - matplotlib.font_manager - DEBUG - findfont: score(<Font 'cmr10' (cmr10.ttf) normal normal 400 normal>) = 10.05
2020-07-09 23:47:02,798 - matplotlib.font_manager - DEBUG - findfont: score(<Font 'cmb10' (cmb10.ttf) normal normal 400 normal>) = 10.05
2020-07-09 23:47:02,798 - matplotlib.font_manager - DEBUG - findfont: score(<Font 'DejaVu Serif' (DejaVuSerif-BoldItalic.ttf) italic normal 700 normal>) = 11.335
2020-07-09 23:47:02,798 - matplotlib.font_manager - DEBUG - findfont: Matching sans\-serif:style=normal:variant=normal:weight=normal:stretch=normal:size=10.0 to DejaVu Sans ('/home/Itai/miniconda3/envs/nedrl_env/lib/python3.8/site-packages/matplotlib/mpl-data/fonts/ttf/DejaVuSans.ttf') with score of 2.050000.
